\BOOKMARK [0][-]{chapter.1}{Gii thiu}{}% 1
\BOOKMARK [1][-]{section.1.1}{\320in to\341n \341m m\342y \(Cloud computing\)}{chapter.1}% 2
\BOOKMARK [1][-]{section.1.2}{B\340i to\341n lp lich trong m\364i trng cloud computing}{chapter.1}% 3
\BOOKMARK [1][-]{section.1.3}{Lp lich thi gian thc trong m\364i trng cloud computing}{chapter.1}% 4
\BOOKMARK [1][-]{section.1.4}{Muc ti\352u cua \040\341n nghi\352n cu}{chapter.1}% 5
\BOOKMARK [1][-]{section.1.5}{Cu tr\372c \040\341n}{chapter.1}% 6
\BOOKMARK [0][-]{chapter.2}{C\341c dang lp lich v\340 nghi\352n cu li\352n quan}{}% 7
\BOOKMARK [1][-]{section.2.1}{C\341c phng ph\341p lp lich}{chapter.2}% 8
\BOOKMARK [2][-]{subsection.2.1.1}{Centralized scheduling}{section.2.1}% 9
\BOOKMARK [2][-]{subsection.2.1.2}{Distributed scheduling}{section.2.1}% 10
\BOOKMARK [2][-]{subsection.2.1.3}{Hybrid algorithm}{section.2.1}% 11
\BOOKMARK [2][-]{subsection.2.1.4}{Heuristic algorithms}{section.2.1}% 12
\BOOKMARK [2][-]{subsection.2.1.5}{Static scheduling}{section.2.1}% 13
\BOOKMARK [2][-]{subsection.2.1.6}{Dynamic scheduling}{section.2.1}% 14
\BOOKMARK [1][-]{section.2.2}{C\341c nghi\352n cu li\352n quan}{chapter.2}% 15
\BOOKMARK [0][-]{chapter.3}{M\364 h\354nh \040thi x\341c sut Bayesian}{}% 16
\BOOKMARK [1][-]{section.3.1}{M\364 h\354nh \040thi x\341c sut}{chapter.3}% 17
\BOOKMARK [1][-]{section.3.2}{\320 thi Bayesian}{chapter.3}% 18
\BOOKMARK [2][-]{subsection.3.2.1}{Representation}{section.3.2}% 19
\BOOKMARK [2][-]{subsection.3.2.2}{Inference}{section.3.2}% 20
\BOOKMARK [2][-]{subsection.3.2.3}{Learning}{section.3.2}% 21
\BOOKMARK [0][-]{chapter.4}{M\364 h\354nh lp lich thi gian thc s dung mang Bayesian c lng t\340i nguy\352n}{}% 22
\BOOKMARK [1][-]{section.4.1}{B\340i to\341n thc t}{chapter.4}% 23
\BOOKMARK [2][-]{subsection.4.1.1}{Sai lch v th\364ng tin do \040tr cua h thng}{section.4.1}% 24
\BOOKMARK [2][-]{subsection.4.1.2}{Mt c\342n bng tai}{section.4.1}% 25
\BOOKMARK [1][-]{section.4.2}{M\364 h\354nh \040xut}{chapter.4}% 26
\BOOKMARK [2][-]{subsection.4.2.1}{D o\341n t\340i nguy\352n kha dung}{section.4.2}% 27
\BOOKMARK [2][-]{subsection.4.2.2}{Thut to\341n lp lich \040xut}{section.4.2}% 28
\BOOKMARK [0][-]{chapter.5}{Thc nghim v\340 \341nh gi\341}{}% 29
\BOOKMARK [1][-]{section.5.1}{M\364 h\354nh m\364 phong}{chapter.5}% 30
\BOOKMARK [1][-]{section.5.2}{D liu m\364 phong}{chapter.5}% 31
\BOOKMARK [1][-]{section.5.3}{Thu thp d liu x\342y dng mang Bayesian}{chapter.5}% 32
\BOOKMARK [1][-]{section.5.4}{C\341c ti\352u ch\355 \341nh gi\341}{chapter.5}% 33
\BOOKMARK [1][-]{section.5.5}{Kt qua thc nghim}{chapter.5}% 34
\BOOKMARK [2][-]{subsection.5.5.1}{S lng task ho\340n th\340nh trong mt n vi thi gian}{section.5.5}% 35
\BOOKMARK [2][-]{subsection.5.5.2}{Anh hng cua thi gian tr ti sai s}{section.5.5}% 36
\BOOKMARK [2][-]{subsection.5.5.3}{Anh hng cua thi gian tr ti kt qua lp lich}{section.5.5}% 37
\BOOKMARK [2][-]{subsection.5.5.4}{Hiu qua cua vic c lng t\340i nguy\352n}{section.5.5}% 38
\BOOKMARK [2][-]{subsection.5.5.5}{S mt c\342n bng khi lng c\364ng vic gia c\341c m\341y trong qu\341 tr\354nh hoat ng}{section.5.5}% 39
\BOOKMARK [0][-]{chapter.6}{Kt lun v\340 inh hng nghi\352n cu}{}% 40
\BOOKMARK [1][-]{section.6.1}{Kt qua at c}{chapter.6}% 41
\BOOKMARK [1][-]{section.6.2}{\320inh hng nghi\352n cu}{chapter.6}% 42
